<?xml version="1.0" encoding="UTF-8"?>
<!-- Generated by org.testng.reporters.JUnitReportReporter -->
<testsuite skipped="0" hostname="nilson" name="ru.vallball.kino01.test.TestClass" tests="1" failures="0" timestamp="2019-10-01T13:38:41 NOVT" time="0.012" errors="0">
  <testcase name="testContainsGenre" time="0.012" classname="ru.vallball.kino01.test.TestClass"/>
</testsuite> <!-- ru.vallball.kino01.test.TestClass -->
